2025-12-01 14:29:11,298 [INFO] Activator:176 - 


2025-12-01 14:29:11,300 [INFO] Activator:177 - !SESSION log4j initialized
2025-12-01 14:29:15,417 [INFO] LogOutputStream:77 - [STDOUT_REDIRECT] 
2025-12-01 14:29:18,258 [INFO] ApplicationProperties:184 - Using Application install path: C:\ST\STM32CubeIDE_1.16.1\STM32CubeIDE\plugins\com.st.stm32cube.common.mx_6.15.0.202507011659
2025-12-01 14:29:18,297 [INFO] DbMcusXml:78 - Set database path to: C:\ST\STM32CubeIDE_1.16.1\STM32CubeIDE\plugins\com.st.stm32cube.common.mx_6.15.0.202507011659\\db\/mcu/
2025-12-01 14:29:18,298 [INFO] ApiDb:274 - Set plugin database path to: C:\ST\STM32CubeIDE_1.16.1\STM32CubeIDE\plugins\com.st.stm32cube.common.mx_6.15.0.202507011659\\db\/plugins/boardmanager/
2025-12-01 14:29:18,301 [WARN] ApiDb:259 - Overriding images path with different value:  => C:\ST\STM32CubeIDE_1.16.1\STM32CubeIDE\plugins\com.st.stm32cube.common.mx_6.15.0.202507011659\\db\/plugins/mcufinder/images/
2025-12-01 14:29:18,309 [INFO] ApiDb:250 - Set database path to: C:\Users\penel\.stmcufinder\plugins\mcufinder//mcu/
2025-12-01 14:29:18,312 [INFO] DbMcusAds:125 - Set database path to: C:\Users\penel\.stmcufinder\plugins\mcufinder//mcu/
2025-12-01 14:29:18,324 [INFO] CrossReferenceDbSqlite:203 - Set database path to: C:\Users\penel\.stmcufinder\plugins\mcufinder//mcu/cs/
2025-12-01 14:29:18,507 [INFO] RulesReader:64 - Compatibility file has been processed (317 Rules)
2025-12-01 14:29:18,637 [INFO] DbMcusXml:78 - Set database path to: C:\ST\STM32CubeIDE_1.16.1\STM32CubeIDE\plugins\com.st.stm32cube.common.mx_6.15.0.202507011659\\db\/mcu/
2025-12-01 14:29:18,637 [INFO] ApiDb:274 - Set plugin database path to: C:\ST\STM32CubeIDE_1.16.1\STM32CubeIDE\plugins\com.st.stm32cube.common.mx_6.15.0.202507011659\\db\/plugins/boardmanager/
2025-12-01 14:29:18,637 [INFO] ApiDb:261 - Set plugin images path to: C:\ST\STM32CubeIDE_1.16.1\STM32CubeIDE\plugins\com.st.stm32cube.common.mx_6.15.0.202507011659\\db\/plugins/mcufinder/images/
2025-12-01 14:29:18,638 [WARN] DbFile:41 - Overriding database path with different value: C:\Users\penel\.stmcufinder\plugins\mcufinder/ => C:\Users\penel\.stmcufinder\plugins\mcufinder
2025-12-01 14:29:18,638 [INFO] ApiDb:250 - Set database path to: C:\Users\penel\.stmcufinder\plugins\mcufinder//mcu/
2025-12-01 14:29:18,638 [WARN] DbFile:41 - Overriding database path with different value: C:\Users\penel\.stmcufinder\plugins\mcufinder/ => C:\Users\penel\.stmcufinder\plugins\mcufinder
2025-12-01 14:29:18,638 [INFO] DbMcusAds:125 - Set database path to: C:\Users\penel\.stmcufinder\plugins\mcufinder//mcu/
2025-12-01 14:29:18,638 [WARN] DbFile:41 - Overriding database path with different value: C:\Users\penel\.stmcufinder\plugins\mcufinder/ => C:\Users\penel\.stmcufinder\plugins\mcufinder
2025-12-01 14:29:18,638 [WARN] DbFile:41 - Overriding database path with different value: C:\Users\penel\.stmcufinder\plugins\mcufinder/ => C:\Users\penel\.stmcufinder\plugins\mcufinder
2025-12-01 14:29:18,642 [INFO] CrossReferenceDbSqlite:203 - Set database path to: C:\Users\penel\.stmcufinder\plugins\mcufinder//mcu/cs/
2025-12-01 14:29:18,730 [INFO] MainPanel:274 - HeapMemory: 268435456
2025-12-01 14:29:18,834 [INFO] DbMcusXml:78 - Set database path to: C:\ST\STM32CubeIDE_1.16.1\STM32CubeIDE\plugins\com.st.stm32cube.common.mx_6.15.0.202507011659\\db\/mcu/
2025-12-01 14:29:18,834 [INFO] ApiDb:274 - Set plugin database path to: C:\ST\STM32CubeIDE_1.16.1\STM32CubeIDE\plugins\com.st.stm32cube.common.mx_6.15.0.202507011659\\db\/plugins/boardmanager/
2025-12-01 14:29:18,835 [INFO] ApiDb:261 - Set plugin images path to: C:\ST\STM32CubeIDE_1.16.1\STM32CubeIDE\plugins\com.st.stm32cube.common.mx_6.15.0.202507011659\\db\/plugins/mcufinder/images/
2025-12-01 14:29:18,835 [WARN] DbFile:41 - Overriding database path with different value: C:\Users\penel\.stmcufinder\plugins\mcufinder/ => C:\Users\penel\.stmcufinder\plugins\mcufinder
2025-12-01 14:29:18,835 [INFO] ApiDb:250 - Set database path to: C:\Users\penel\.stmcufinder\plugins\mcufinder//mcu/
2025-12-01 14:29:18,835 [WARN] DbFile:41 - Overriding database path with different value: C:\Users\penel\.stmcufinder\plugins\mcufinder/ => C:\Users\penel\.stmcufinder\plugins\mcufinder
2025-12-01 14:29:18,835 [INFO] DbMcusAds:125 - Set database path to: C:\Users\penel\.stmcufinder\plugins\mcufinder//mcu/
2025-12-01 14:29:18,835 [WARN] DbFile:41 - Overriding database path with different value: C:\Users\penel\.stmcufinder\plugins\mcufinder/ => C:\Users\penel\.stmcufinder\plugins\mcufinder
2025-12-01 14:29:18,836 [WARN] DbFile:41 - Overriding database path with different value: C:\Users\penel\.stmcufinder\plugins\mcufinder/ => C:\Users\penel\.stmcufinder\plugins\mcufinder
2025-12-01 14:29:18,839 [INFO] CrossReferenceDbSqlite:203 - Set database path to: C:\Users\penel\.stmcufinder\plugins\mcufinder//mcu/cs/
2025-12-01 14:29:18,864 [INFO] ApplicationProperties:184 - Using Application install path: C:\ST\STM32CubeIDE_1.16.1\STM32CubeIDE\plugins\com.st.stm32cube.common.mx_6.15.0.202507011659
2025-12-01 14:29:18,865 [INFO] PluginManage:196 - Search for loadable plugins [exclusion list=, ]
2025-12-01 14:29:18,868 [INFO] PluginManage:310 - Check plugin analytics
2025-12-01 14:29:19,273 [INFO] AnalyticsPlugin:253 - Accepted Software Licenses: STM32CubeMX.6.15.0
2025-12-01 14:29:19,274 [INFO] AnalyticsPlugin:255 - Accepted CMSIS Pack Licenses: STMicroelectronics.X-CUBE-TOF1.3.4.3
2025-12-01 14:29:19,274 [INFO] AnalyticsPlugin:257 - Accepted Firmware Licenses: FW.WB.1.20.0,FW.G4.1.6.0
2025-12-01 14:29:19,282 [INFO] PluginManage:359 - Loaded plugin analytics (category:tool,tabindex:-1)
2025-12-01 14:29:19,282 [INFO] PluginManage:310 - Check plugin cadmodel
2025-12-01 14:29:19,286 [INFO] CADModel:105 - Init CAD model plugin
2025-12-01 14:29:19,287 [INFO] PluginManage:359 - Loaded plugin cadmodel (category:power,tabindex:5)
2025-12-01 14:29:19,287 [INFO] PluginManage:310 - Check plugin clock
2025-12-01 14:29:19,301 [INFO] PluginManage:359 - Loaded plugin clock (category:base,tabindex:2)
2025-12-01 14:29:19,301 [INFO] PluginManage:310 - Check plugin ddr
2025-12-01 14:29:19,303 [INFO] PluginManage:359 - Loaded plugin ddr (category:tool,tabindex:6)
2025-12-01 14:29:19,303 [INFO] PluginManage:310 - Check plugin filemanager
2025-12-01 14:29:19,468 [INFO] PluginManage:359 - Loaded plugin filemanager (category:base,tabindex:10)
2025-12-01 14:29:19,468 [INFO] PluginManage:310 - Check plugin ipmanager
2025-12-01 14:29:19,476 [INFO] PluginManage:359 - Loaded plugin ipmanager (category:base,tabindex:5)
2025-12-01 14:29:19,476 [INFO] PluginManage:310 - Check plugin lpbam
2025-12-01 14:29:19,483 [INFO] PluginManage:359 - Loaded plugin lpbam (category:base,tabindex:0)
2025-12-01 14:29:19,484 [INFO] PluginManage:310 - Check plugin memorymap
2025-12-01 14:29:19,495 [INFO] PluginManage:359 - Loaded plugin memorymap (category:base,tabindex:4)
2025-12-01 14:29:19,496 [INFO] PluginManage:310 - Check plugin pinoutandconfiguration
2025-12-01 14:29:19,504 [INFO] PluginManage:359 - Loaded plugin pinoutandconfiguration (category:base,tabindex:1)
2025-12-01 14:29:19,504 [INFO] PluginManage:310 - Check plugin pinoutconfig
2025-12-01 14:29:19,618 [WARN] SupportedApi:132 - Cannot load RTOS API schema: s4s-elt-must-match.1: The content of 'definitions' must match (annotation?, (simpleType | complexType)?, (unique | key | keyref)*)). A problem was found starting at: attribute.
2025-12-01 14:29:19,821 [INFO] PluginManage:359 - Loaded plugin pinoutconfig (category:base,tabindex:0)
2025-12-01 14:29:19,821 [INFO] PluginManage:310 - Check plugin power
2025-12-01 14:29:19,832 [INFO] PluginManage:359 - Loaded plugin power (category:power,tabindex:4)
2025-12-01 14:29:19,832 [INFO] PluginManage:310 - Check plugin projectmanager
2025-12-01 14:29:19,851 [INFO] PluginManage:359 - Loaded plugin projectmanager (category:projectmanager,tabindex:4)
2025-12-01 14:29:19,852 [INFO] PluginManage:310 - Check plugin rif
2025-12-01 14:29:19,860 [INFO] PluginManage:359 - Loaded plugin rif (category:base,tabindex:3)
2025-12-01 14:29:19,860 [INFO] PluginManage:310 - Check plugin thirdparty
2025-12-01 14:29:20,013 [WARN] IntegrityCheckThread:84 - waiting for thirdparty lock release [integrity check]
2025-12-01 14:29:20,013 [INFO] IntegrityCheckThread:86 - entering critical section [integrity check]
2025-12-01 14:29:20,014 [INFO] ThirdPartyUpdaterWithRetryManager:70 - Updater plugin not ready yet. [1/15]
2025-12-01 14:29:20,014 [INFO] PluginManage:359 - Loaded plugin thirdparty (category:base,tabindex:-1)
2025-12-01 14:29:20,014 [INFO] PluginManage:310 - Check plugin tools
2025-12-01 14:29:20,019 [INFO] PluginManage:359 - Loaded plugin tools (category:base,tabindex:7)
2025-12-01 14:29:20,020 [INFO] PluginManage:310 - Check plugin tutovideos
2025-12-01 14:29:20,256 [INFO] PluginManage:359 - Loaded plugin tutovideos (category:base,tabindex:-1)
2025-12-01 14:29:20,256 [INFO] PluginManage:310 - Check plugin updater
2025-12-01 14:29:20,285 [INFO] PluginManage:359 - Loaded plugin updater (category:base,tabindex:12)
2025-12-01 14:29:20,286 [INFO] PluginManage:310 - Check plugin userauth
2025-12-01 14:29:20,292 [INFO] UserAuth:118 - Init User Auth plugin
2025-12-01 14:29:20,293 [INFO] PluginManage:359 - Loaded plugin userauth (category:base,tabindex:14)
2025-12-01 14:29:20,294 [INFO] PluginManage:283 - PluginManage : Loaded plugins [18]
2025-12-01 14:29:20,576 [INFO] PinOutPanel:1589 - setPackage(No Configuration,No Configuration)
2025-12-01 14:29:20,675 [INFO] CADModel:165 - CPN selected for project level
2025-12-01 14:29:20,675 [INFO] CADModel:114 - Register for checkConnection events
2025-12-01 14:29:20,692 [INFO] IPUIPlugin:80 - create IPUIPlugin
2025-12-01 14:29:20,693 [INFO] PluginManager:220 - loadIPPluginJar : add adc
2025-12-01 14:29:20,695 [INFO] IPUIPlugin:80 - create IPUIPlugin
2025-12-01 14:29:20,696 [INFO] PluginManager:220 - loadIPPluginJar : add aes
2025-12-01 14:29:20,698 [INFO] IPUIPlugin:80 - create IPUIPlugin
2025-12-01 14:29:20,699 [INFO] PluginManager:220 - loadIPPluginJar : add can
2025-12-01 14:29:20,700 [INFO] IPUIPlugin:80 - create IPUIPlugin
2025-12-01 14:29:20,700 [INFO] PluginManager:220 - loadIPPluginJar : add comp
2025-12-01 14:29:20,703 [INFO] IPUIPlugin:80 - create IPUIPlugin
2025-12-01 14:29:20,703 [INFO] PluginManager:220 - loadIPPluginJar : add cryp
2025-12-01 14:29:20,708 [INFO] IPUIPlugin:80 - create IPUIPlugin
2025-12-01 14:29:20,709 [INFO] PluginManager:220 - loadIPPluginJar : add ddr_ctrl_phy
2025-12-01 14:29:20,712 [INFO] IPUIPlugin:80 - create IPUIPlugin
2025-12-01 14:29:20,712 [INFO] PluginManager:220 - loadIPPluginJar : add dfsdm
2025-12-01 14:29:20,718 [INFO] IPUIPlugin:80 - create IPUIPlugin
2025-12-01 14:29:20,719 [INFO] PluginManager:220 - loadIPPluginJar : add dma
2025-12-01 14:29:20,724 [INFO] IPUIPlugin:80 - create IPUIPlugin
2025-12-01 14:29:20,724 [INFO] PluginManager:220 - loadIPPluginJar : add dma3
2025-12-01 14:29:20,726 [INFO] IPUIPlugin:80 - create IPUIPlugin
2025-12-01 14:29:20,727 [INFO] PluginManager:220 - loadIPPluginJar : add extmemmanager
2025-12-01 14:29:20,728 [INFO] IPUIPlugin:80 - create IPUIPlugin
2025-12-01 14:29:20,728 [INFO] PluginManager:220 - loadIPPluginJar : add fatfs
2025-12-01 14:29:20,733 [INFO] IPUIPlugin:80 - create IPUIPlugin
2025-12-01 14:29:20,733 [INFO] PluginManager:220 - loadIPPluginJar : add fmc
2025-12-01 14:29:20,738 [INFO] IPUIPlugin:80 - create IPUIPlugin
2025-12-01 14:29:20,739 [INFO] PluginManager:220 - loadIPPluginJar : add freertos
2025-12-01 14:29:20,740 [INFO] IPUIPlugin:80 - create IPUIPlugin
2025-12-01 14:29:20,740 [INFO] PluginManager:220 - loadIPPluginJar : add genericplugin
2025-12-01 14:29:20,742 [INFO] IPUIPlugin:80 - create IPUIPlugin
2025-12-01 14:29:20,742 [INFO] PluginManager:220 - loadIPPluginJar : add gfxmmu
2025-12-01 14:29:20,747 [INFO] IPUIPlugin:80 - create IPUIPlugin
2025-12-01 14:29:20,747 [INFO] PluginManager:220 - loadIPPluginJar : add gic
2025-12-01 14:29:20,751 [INFO] IPUIPlugin:80 - create IPUIPlugin
2025-12-01 14:29:20,751 [INFO] PluginManager:220 - loadIPPluginJar : add gpio
2025-12-01 14:29:20,753 [INFO] IPUIPlugin:80 - create IPUIPlugin
2025-12-01 14:29:20,753 [INFO] PluginManager:220 - loadIPPluginJar : add gtzc
2025-12-01 14:29:20,755 [INFO] IPUIPlugin:80 - create IPUIPlugin
2025-12-01 14:29:20,756 [INFO] PluginManager:220 - loadIPPluginJar : add hash
2025-12-01 14:29:20,759 [INFO] IPUIPlugin:80 - create IPUIPlugin
2025-12-01 14:29:20,759 [INFO] PluginManager:220 - loadIPPluginJar : add i2c
2025-12-01 14:29:20,762 [INFO] IPUIPlugin:80 - create IPUIPlugin
2025-12-01 14:29:20,762 [INFO] PluginManager:220 - loadIPPluginJar : add i2s
2025-12-01 14:29:20,765 [INFO] IPUIPlugin:80 - create IPUIPlugin
2025-12-01 14:29:20,765 [INFO] PluginManager:220 - loadIPPluginJar : add i3c
2025-12-01 14:29:20,768 [INFO] IPUIPlugin:80 - create IPUIPlugin
2025-12-01 14:29:20,769 [INFO] PluginManager:220 - loadIPPluginJar : add ipddr
2025-12-01 14:29:20,775 [INFO] IPUIPlugin:80 - create IPUIPlugin
2025-12-01 14:29:20,776 [INFO] PluginManager:220 - loadIPPluginJar : add linkedlist
2025-12-01 14:29:20,779 [INFO] IPUIPlugin:80 - create IPUIPlugin
2025-12-01 14:29:20,779 [INFO] PluginManager:220 - loadIPPluginJar : add lorawan
2025-12-01 14:29:20,781 [INFO] IPUIPlugin:80 - create IPUIPlugin
2025-12-01 14:29:20,781 [INFO] PluginManager:220 - loadIPPluginJar : add ltdc
2025-12-01 14:29:20,787 [INFO] IPUIPlugin:80 - create IPUIPlugin
2025-12-01 14:29:20,787 [INFO] PluginManager:220 - loadIPPluginJar : add mdma
2025-12-01 14:29:20,791 [INFO] IPUIPlugin:80 - create IPUIPlugin
2025-12-01 14:29:20,791 [INFO] PluginManager:220 - loadIPPluginJar : add nvic
2025-12-01 14:29:20,796 [INFO] IPUIPlugin:80 - create IPUIPlugin
2025-12-01 14:29:20,796 [INFO] PluginManager:220 - loadIPPluginJar : add opamp
2025-12-01 14:29:20,800 [INFO] IPUIPlugin:80 - create IPUIPlugin
2025-12-01 14:29:20,800 [INFO] PluginManager:220 - loadIPPluginJar : add openamp
2025-12-01 14:29:20,803 [INFO] IPUIPlugin:80 - create IPUIPlugin
2025-12-01 14:29:20,803 [INFO] PluginManager:220 - loadIPPluginJar : add pdm2pcm
2025-12-01 14:29:20,811 [INFO] IPUIPlugin:80 - create IPUIPlugin
2025-12-01 14:29:20,818 [INFO] PluginManager:220 - loadIPPluginJar : add plateformsettings
2025-12-01 14:29:20,821 [INFO] IPUIPlugin:80 - create IPUIPlugin
2025-12-01 14:29:20,821 [INFO] PluginManager:220 - loadIPPluginJar : add quadspi
2025-12-01 14:29:20,823 [INFO] IPUIPlugin:80 - create IPUIPlugin
2025-12-01 14:29:20,825 [INFO] PluginManager:220 - loadIPPluginJar : add radio
2025-12-01 14:29:20,830 [INFO] IPUIPlugin:80 - create IPUIPlugin
2025-12-01 14:29:20,830 [INFO] PluginManager:220 - loadIPPluginJar : add resmgrutility
2025-12-01 14:29:20,834 [INFO] IPUIPlugin:80 - create IPUIPlugin
2025-12-01 14:29:20,834 [INFO] PluginManager:220 - loadIPPluginJar : add sai
2025-12-01 14:29:20,837 [INFO] IPUIPlugin:80 - create IPUIPlugin
2025-12-01 14:29:20,837 [INFO] PluginManager:220 - loadIPPluginJar : add spi
2025-12-01 14:29:20,843 [INFO] IPUIPlugin:80 - create IPUIPlugin
2025-12-01 14:29:20,844 [INFO] PluginManager:220 - loadIPPluginJar : add stm32_wpan
2025-12-01 14:29:20,846 [INFO] IPUIPlugin:80 - create IPUIPlugin
2025-12-01 14:29:20,846 [INFO] PluginManager:220 - loadIPPluginJar : add tim
2025-12-01 14:29:20,850 [INFO] IPUIPlugin:80 - create IPUIPlugin
2025-12-01 14:29:20,851 [INFO] PluginManager:220 - loadIPPluginJar : add touchsensing
2025-12-01 14:29:20,854 [INFO] IPUIPlugin:80 - create IPUIPlugin
2025-12-01 14:29:20,854 [INFO] PluginManager:220 - loadIPPluginJar : add tracer_emb
2025-12-01 14:29:20,856 [INFO] IPUIPlugin:80 - create IPUIPlugin
2025-12-01 14:29:20,856 [INFO] PluginManager:220 - loadIPPluginJar : add ts
2025-12-01 14:29:20,859 [INFO] IPUIPlugin:80 - create IPUIPlugin
2025-12-01 14:29:20,859 [INFO] PluginManager:220 - loadIPPluginJar : add tsc
2025-12-01 14:29:20,861 [INFO] IPUIPlugin:80 - create IPUIPlugin
2025-12-01 14:29:20,861 [INFO] PluginManager:220 - loadIPPluginJar : add ucpd
2025-12-01 14:29:20,865 [INFO] IPUIPlugin:80 - create IPUIPlugin
2025-12-01 14:29:20,865 [INFO] PluginManager:220 - loadIPPluginJar : add usart
2025-12-01 14:29:20,868 [INFO] IPUIPlugin:80 - create IPUIPlugin
2025-12-01 14:29:20,869 [INFO] PluginManager:220 - loadIPPluginJar : add usbx
2025-12-01 14:29:21,008 [FATAL] Updater:351 - Updater called before beeing initialized
2025-12-01 14:29:21,061 [INFO] RulesReader:64 - Compatibility file has been processed (317 Rules)
2025-12-01 14:29:21,075 [INFO] RulesReader:64 - Compatibility file has been processed (317 Rules)
2025-12-01 14:29:21,089 [INFO] CADModel:165 - CPN selected for project level
2025-12-01 14:29:21,089 [INFO] CADModel:114 - Register for checkConnection events
2025-12-01 14:29:21,089 [FATAL] Updater:351 - Updater called before beeing initialized
2025-12-01 14:29:21,089 [ERROR] CADModel:125 - Updater not yet initialized, retry later 
2025-12-01 14:29:21,244 [FATAL] Updater:351 - Updater called before beeing initialized
2025-12-01 14:29:21,246 [INFO] CADModel:165 - CPN selected for project level
2025-12-01 14:29:21,246 [INFO] CADModel:114 - Register for checkConnection events
2025-12-01 14:29:21,246 [FATAL] Updater:351 - Updater called before beeing initialized
2025-12-01 14:29:21,246 [ERROR] CADModel:125 - Updater not yet initialized, retry later 
2025-12-01 14:29:21,250 [FATAL] Updater:351 - Updater called before beeing initialized
2025-12-01 14:29:21,409 [FATAL] Updater:351 - Updater called before beeing initialized
2025-12-01 14:29:21,415 [INFO] DbMcusAds:53 - JSON generation date=Tue Nov 25 15:08:32 CET 2025 (1764079712835)
2025-12-01 14:29:21,415 [FATAL] Updater:351 - Updater called before beeing initialized
2025-12-01 14:29:21,455 [WARN] DetailPanel:346 - Failed to get advertising image, set to default
2025-12-01 14:29:21,554 [FATAL] Updater:351 - Updater called before beeing initialized
2025-12-01 14:29:21,556 [FATAL] Updater:351 - Updater called before beeing initialized
2025-12-01 14:29:21,556 [FATAL] Updater:351 - Updater called before beeing initialized
2025-12-01 14:29:21,557 [WARN] DetailPanel:346 - Failed to get advertising image, set to default
2025-12-01 14:29:21,557 [FATAL] Updater:351 - Updater called before beeing initialized
2025-12-01 14:29:21,609 [ERROR] Updater:1198 - MainUpdater not yet initialized. External WinMGr cannot be set.
2025-12-01 14:29:21,611 [INFO] Updater:1134 - Updater Version found : 6.15.0
2025-12-01 14:29:21,628 [INFO] ApplicationProperties:184 - Using Application install path: C:\ST\STM32CubeIDE_1.16.1\STM32CubeIDE\plugins\com.st.stm32cube.common.mx_6.15.0.202507011659
2025-12-01 14:29:23,015 [INFO] ThirdPartyUpdaterWithRetryManager:70 - Updater plugin not ready yet. [2/15]
2025-12-01 14:29:23,206 [ERROR] LogOutputStream:75 - [STDERR_REDIRECT] Dec 01, 2025 2:29:23 PM java.util.prefs.WindowsPreferences <init>
2025-12-01 14:29:23,208 [ERROR] LogOutputStream:75 - [STDERR_REDIRECT] WARNING: Could not open/create prefs root node Software\JavaSoft\Prefs at root 0xffffffff80000002. Windows RegCreateKeyEx(...) returned error code 5.
2025-12-01 14:29:23,208 [ERROR] LogOutputStream:75 - [STDERR_REDIRECT] 
2025-12-01 14:29:23,708 [INFO] MainUpdater:2872 - connection check result : 10
2025-12-01 14:29:23,709 [INFO] MainUpdater:289 - Updater Check For Update Now.
2025-12-01 14:29:23,710 [INFO] MicroXplorer:498 - Change Database Version : DB.6.0.150
2025-12-01 14:29:23,720 [INFO] McuFinderGlobals:63 - Set McuFinder mode to 2 (CubeIDE integrated)
2025-12-01 14:29:23,721 [INFO] UserAuth:487 - Internet connection configuration mode: 1
2025-12-01 14:29:23,749 [INFO] JxBrowserEngine:152 - Initiate JxBrowser Engine with user profile folder
2025-12-01 14:29:23,945 [INFO] CheckServerUpdateThread:120 - End of CheckServer Thread
2025-12-01 14:29:24,797 [INFO] WebApp:169 - Instantiating new browser for Auth
2025-12-01 14:29:25,834 [INFO] WebApp:463 - Apply proxy settings
2025-12-01 14:29:25,834 [INFO] WebApp:548 - Chromium requires no authentication
2025-12-01 14:29:25,846 [INFO] WebApp:491 - Direct internet connection detected
2025-12-01 14:29:25,877 [INFO] WebApp:900 - Register for checkConnection events
2025-12-01 14:29:25,877 [INFO] WebApp:463 - Apply proxy settings
2025-12-01 14:29:25,878 [INFO] WebApp:548 - Chromium requires no authentication
2025-12-01 14:29:25,878 [INFO] WebApp:491 - Direct internet connection detected
2025-12-01 14:29:26,090 [INFO] WebApp:191 - Connection restablished
2025-12-01 14:29:26,405 [INFO] WebApp:225 - Starting web application
2025-12-01 14:29:26,405 [INFO] WebApp:593 - Web application path used C:\ST\STM32CubeIDE_1.16.1\STM32CubeIDE\plugins\com.st.stm32cube.common.mx_6.15.0.202507011659\db\plugins\mcufinder\reactClient1\index.html
2025-12-01 14:29:26,593 [INFO] UserAuth:487 - Internet connection configuration mode: 1
2025-12-01 14:29:26,662 [WARN] PackLoader:240 - Cannot read IP mode file for STMicroelectronics.FP-SNS-MOTENVWB1.1.4.0
2025-12-01 14:29:26,699 [WARN] PackLoader:240 - Cannot read IP mode file for STMicroelectronics.FP-ATR-ASTRA1.2.0.2
2025-12-01 14:29:26,710 [WARN] PackLoader:240 - Cannot read IP mode file for STMicroelectronics.FP-ATR-ASTRA1.2.0.1
2025-12-01 14:29:26,727 [WARN] PackLoader:240 - Cannot read IP mode file for STMicroelectronics.X-CUBE-SMBUS.2.1.0
2025-12-01 14:29:26,744 [WARN] PackLoader:240 - Cannot read IP mode file for STMicroelectronics.X-CUBE-WB05N.1.1.0
2025-12-01 14:29:26,756 [WARN] PackLoader:240 - Cannot read IP mode file for STMicroelectronics.X-CUBE-ST60.1.0.0
2025-12-01 14:29:26,837 [WARN] PackLoader:240 - Cannot read IP mode file for STMicroelectronics.X-CUBE-AZRTOS-F7.1.1.0
2025-12-01 14:29:26,980 [WARN] PackLoader:240 - Cannot read IP mode file for STMicroelectronics.X-CUBE-MEMS1.11.0.0
2025-12-01 14:29:27,243 [WARN] PackLoader:240 - Cannot read IP mode file for STMicroelectronics.FP-SNS-MOTENV1.5.1.0
2025-12-01 14:29:27,250 [WARN] PackLoader:240 - Cannot read IP mode file for STMicroelectronics.FP-SNS-FLIGHT1.5.0.2
2025-12-01 14:29:27,279 [WARN] PackLoader:240 - Cannot read IP mode file for STMicroelectronics.X-CUBE-AZRTOS-H7.3.4.0
2025-12-01 14:29:27,288 [WARN] PackLoader:240 - Cannot read IP mode file for STMicroelectronics.X-CUBE-DISPLAY.3.0.0
2025-12-01 14:29:27,298 [WARN] PackLoader:240 - Cannot read IP mode file for STMicroelectronics.X-CUBE-BLE1.7.0.0
2025-12-01 14:29:27,305 [WARN] PackLoader:240 - Cannot read IP mode file for STMicroelectronics.X-CUBE-NFC10.1.0.0
2025-12-01 14:29:27,322 [WARN] PackLoader:240 - Cannot read IP mode file for STMicroelectronics.X-CUBE-BLEMGR.4.0.0
2025-12-01 14:29:27,333 [WARN] PackLoader:240 - Cannot read IP mode file for STMicroelectronics.X-CUBE-ST60.1.1.0
2025-12-01 14:29:27,343 [WARN] PackLoader:240 - Cannot read IP mode file for emotas.I-CUBE-CANOPEN.1.3.0
2025-12-01 14:29:27,351 [WARN] PackLoader:240 - Cannot read IP mode file for STMicroelectronics.X-CUBE-GNSS1.7.1.0
2025-12-01 14:29:27,363 [WARN] PackLoader:240 - Cannot read IP mode file for STMicroelectronics.X-CUBE-BLEMGR.3.1.0
2025-12-01 14:29:27,369 [WARN] PackLoader:240 - Cannot read IP mode file for STMicroelectronics.X-CUBE-AI.10.0.0
2025-12-01 14:29:27,381 [WARN] PackLoader:240 - Cannot read IP mode file for STMicroelectronics.FP-SNS-STBOX1.2.1.0
2025-12-01 14:29:27,388 [WARN] PackLoader:240 - Cannot read IP mode file for STMicroelectronics.FP-SNS-SMARTAG2.1.2.0
2025-12-01 14:29:27,393 [WARN] PackLoader:240 - Cannot read IP mode file for STMicroelectronics.FP-SNS-FLIGHT1.5.1.0
2025-12-01 14:29:27,450 [WARN] PackLoader:240 - Cannot read IP mode file for STMicroelectronics.X-CUBE-MEMS1.11.1.0
2025-12-01 14:29:27,731 [INFO] LogOutputStream:77 - [STDOUT_REDIRECT] 1 : Invalid condition id : UX_CORESTACK_Condition cause : null
2025-12-01 14:29:27,733 [INFO] LogOutputStream:77 - [STDOUT_REDIRECT] 1 : Invalid condition id : UX_CORESTACK_Condition cause : null
2025-12-01 14:29:27,736 [INFO] LogOutputStream:77 - [STDOUT_REDIRECT] 1 : Invalid condition id : UX_CORESTACK_Condition cause : null
2025-12-01 14:29:27,741 [INFO] LogOutputStream:77 - [STDOUT_REDIRECT] 1 : Invalid condition id : UX_CORESTACK_Condition cause : null
2025-12-01 14:29:27,744 [INFO] LogOutputStream:77 - [STDOUT_REDIRECT] 1 : Invalid condition id : UX_CORESTACK_Condition cause : null
2025-12-01 14:29:27,748 [WARN] PackLoader:240 - Cannot read IP mode file for STMicroelectronics.X-CUBE-AZRTOS-WL.2.0.0
2025-12-01 14:29:27,754 [WARN] PackLoader:240 - Cannot read IP mode file for STMicroelectronics.FP-SNS-MOTENV1.5.0.0
2025-12-01 14:29:27,772 [WARN] PackLoader:240 - Cannot read IP mode file for STMicroelectronics.X-CUBE-AZRTOS-H7RS.1.2.0
2025-12-01 14:29:27,781 [WARN] PackLoader:240 - Cannot read IP mode file for wolfSSL.I-CUBE-wolfMQTT.1.19.0
2025-12-01 14:29:27,791 [WARN] PackLoader:240 - Cannot read IP mode file for WES.I-CUBE-Cesium.1.3.0
2025-12-01 14:29:27,796 [WARN] PackLoader:240 - Cannot read IP mode file for STMicroelectronics.X-CUBE-BLE2.3.3.0
2025-12-01 14:29:27,828 [WARN] PackLoader:240 - Cannot read IP mode file for STMicroelectronics.X-CUBE-NFC9.1.0.0
2025-12-01 14:29:27,833 [WARN] PackLoader:240 - Cannot read IP mode file for STMicroelectronics.X-CUBE-BLE1.7.1.0
2025-12-01 14:29:27,838 [WARN] PackLoader:240 - Cannot read IP mode file for STMicroelectronics.X-CUBE-TCPP.4.1.0
2025-12-01 14:29:27,848 [WARN] PackLoader:240 - Cannot read IP mode file for STMicroelectronics.X-CUBE-FREERTOS.1.4.0
2025-12-01 14:29:27,856 [WARN] PackLoader:240 - Cannot read IP mode file for STMicroelectronics.X-CUBE-EEPRMA1.5.2.0
2025-12-01 14:29:27,866 [WARN] PackLoader:240 - Cannot read IP mode file for STMicroelectronics.X-CUBE-ST67W61.1.1.0
2025-12-01 14:29:27,921 [WARN] PackLoader:240 - Cannot read IP mode file for STMicroelectronics.X-CUBE-MEMS1.12.0.0
2025-12-01 14:29:28,020 [WARN] PackLoader:240 - Cannot read IP mode file for STMicroelectronics.X-CUBE-AZRTOS-G0.1.1.0
2025-12-01 14:29:28,031 [WARN] PackLoader:240 - Cannot read IP mode file for STMicroelectronics.X-CUBE-SAFEA1.1.2.2
2025-12-01 14:29:28,038 [WARN] PackLoader:240 - Cannot read IP mode file for STMicroelectronics.X-CUBE-NFC4.3.0.0
2025-12-01 14:29:28,051 [WARN] PackLoader:240 - Cannot read IP mode file for EmbeddedOffice.I-CUBE-FS-RTOS.1.0.1
2025-12-01 14:29:28,059 [WARN] PackLoader:240 - Cannot read IP mode file for STMicroelectronics.X-CUBE-WB05N.2.0.0
2025-12-01 14:29:28,067 [WARN] PackLoader:240 - Cannot read IP mode file for STMicroelectronics.X-CUBE-TCPP.4.2.0
2025-12-01 14:29:28,075 [WARN] PackLoader:240 - Cannot read IP mode file for RealThread.X-CUBE-RT-Thread_Nano.4.1.1
2025-12-01 14:29:28,080 [WARN] PackLoader:240 - Cannot read IP mode file for STMicroelectronics.FP-ATR-SIGFOX1.3.2.0
2025-12-01 14:29:28,085 [WARN] PackLoader:240 - Cannot read IP mode file for wolfSSL.I-CUBE-wolfSSL.5.7.2
2025-12-01 14:29:28,092 [WARN] ConditionMgr:438 - getConditionDescription Invalid condition id : Cortex-A Device cause : null
2025-12-01 14:29:28,105 [WARN] ConditionMgr:1044 - genDependencies : Invalid condition id : Cortex-A Device cause : null
2025-12-01 14:29:28,106 [WARN] ConditionMgr:1044 - genDependencies : Invalid condition id : Cortex-A Device cause : null
2025-12-01 14:29:28,106 [WARN] ConditionMgr:1044 - genDependencies : Invalid condition id : Cortex-A Device cause : null
2025-12-01 14:29:28,113 [WARN] PackLoader:240 - Cannot read IP mode file for STMicroelectronics.X-CUBE-EEPRMA1.5.1.0
2025-12-01 14:29:28,120 [WARN] PackLoader:240 - Cannot read IP mode file for ITTIA_DB.I-CUBE-ITTIADB.8.9.0
2025-12-01 14:29:28,130 [WARN] PackLoader:240 - Cannot read IP mode file for STMicroelectronics.X-CUBE-ST67W61.1.0.0
2025-12-01 14:29:28,135 [WARN] PackLoader:240 - Cannot read IP mode file for STMicroelectronics.X-CUBE-AI.10.2.0
2025-12-01 14:29:28,165 [WARN] PackLoader:240 - Cannot read IP mode file for SEGGER.I-CUBE-embOS.1.3.1
2025-12-01 14:29:28,218 [WARN] PackLoader:240 - Cannot read IP mode file for STMicroelectronics.X-CUBE-ALGOBUILD.1.4.0
2025-12-01 14:29:28,278 [WARN] PackLoader:240 - Cannot read IP mode file for STMicroelectronics.X-CUBE-MEMS1.11.3.0
2025-12-01 14:29:28,415 [WARN] PackLoader:240 - Cannot read IP mode file for STMicroelectronics.X-CUBE-AI.9.1.0
2025-12-01 14:29:28,420 [WARN] PackLoader:240 - Cannot read IP mode file for STMicroelectronics.X-CUBE-PM33A1.1.0.0
2025-12-01 14:29:28,438 [WARN] PackLoader:240 - Cannot read IP mode file for STMicroelectronics.X-CUBE-AZRTOS-F4.1.1.0
2025-12-01 14:29:28,447 [WARN] PackLoader:240 - Cannot read IP mode file for Avnet-IotConnect.X-CUBE-IoTC-DA16k-PMOD.1.0.0
2025-12-01 14:29:28,452 [WARN] PackLoader:240 - Cannot read IP mode file for STMicroelectronics.X-CUBE-ISPU.2.1.0
2025-12-01 14:29:28,476 [WARN] PackLoader:240 - Cannot read IP mode file for STMicroelectronics.X-CUBE-IPS.3.2.0
2025-12-01 14:29:28,491 [WARN] PackLoader:240 - Cannot read IP mode file for STMicroelectronics.X-CUBE-FREERTOS.1.2.0
2025-12-01 14:29:28,502 [WARN] PackLoader:240 - Cannot read IP mode file for STMicroelectronics.X-CUBE-NFC12.1.0.0
2025-12-01 14:29:28,534 [WARN] PackLoader:240 - Cannot read IP mode file for STMicroelectronics.X-CUBE-AZRTOS-L5.2.0.0
2025-12-01 14:29:28,549 [WARN] PackLoader:240 - Cannot read IP mode file for STMicroelectronics.X-CUBE-NFC6.3.1.0
2025-12-01 14:29:28,562 [WARN] PackLoader:240 - Cannot read IP mode file for STMicroelectronics.X-CUBE-DPower.1.2.0
2025-12-01 14:29:28,567 [WARN] PackLoader:240 - Cannot read IP mode file for STMicroelectronics.X-CUBE-AI.9.0.0
2025-12-01 14:29:28,577 [WARN] PackLoader:240 - Cannot read IP mode file for STMicroelectronics.X-CUBE-FREERTOS.1.3.1
2025-12-01 14:29:28,583 [WARN] PackLoader:240 - Cannot read IP mode file for STMicroelectronics.X-CUBE-FREERTOS.1.3.0
2025-12-01 14:29:28,594 [WARN] PackLoader:240 - Cannot read IP mode file for STMicroelectronics.X-CUBE-NFC7.1.0.1
2025-12-01 14:29:28,616 [WARN] PackLoader:240 - Cannot read IP mode file for STMicroelectronics.X-CUBE-TOUCHGFX.4.26.0
2025-12-01 14:29:28,628 [WARN] PackLoader:240 - Cannot read IP mode file for STMicroelectronics.FP-SNS-STAIOTCFT.1.0.0
2025-12-01 14:29:28,634 [WARN] PackLoader:240 - Cannot read IP mode file for STMicroelectronics.X-CUBE-DPower.1.3.0
2025-12-01 14:29:28,656 [WARN] ConditionMgr:438 - getConditionDescription Invalid condition id : LAN8742 Phy interface Condition cause : null
2025-12-01 14:29:28,658 [WARN] PackLoader:240 - Cannot read IP mode file for STMicroelectronics.X-CUBE-AZRTOS-L4.2.0.0
2025-12-01 14:29:28,660 [WARN] ConditionMgr:1044 - genDependencies : Invalid condition id : LAN8742 Phy interface Condition cause : null
2025-12-01 14:29:28,661 [WARN] ConditionMgr:1044 - genDependencies : Invalid condition id : LAN8742 Phy interface Condition cause : null
2025-12-01 14:29:28,662 [WARN] ConditionMgr:1044 - genDependencies : Invalid condition id : LAN8742 Phy interface Condition cause : null
2025-12-01 14:29:28,670 [WARN] PackLoader:240 - Cannot read IP mode file for STMicroelectronics.X-CUBE-SFXS2LP1.4.0.0
2025-12-01 14:29:28,694 [WARN] PackLoader:240 - Cannot read IP mode file for STMicroelectronics.X-CUBE-AZRTOS-H7.3.3.0
2025-12-01 14:29:28,707 [WARN] PackLoader:240 - Cannot read IP mode file for STMicroelectronics.X-CUBE-BLEMGR.4.1.0
2025-12-01 14:29:28,721 [WARN] PackLoader:240 - Cannot read IP mode file for STMicroelectronics.X-CUBE-IPS.3.0.0
2025-12-01 14:29:28,737 [WARN] ConditionMgr:438 - getConditionDescription Invalid condition id : UX DEVICE CLASS RTOS Condition cause : null
2025-12-01 14:29:28,737 [WARN] ConditionMgr:438 - getConditionDescription Invalid condition id : UX DEVICE CLASS RTOS Condition cause : null
2025-12-01 14:29:28,741 [WARN] PackLoader:240 - Cannot read IP mode file for STMicroelectronics.X-CUBE-AZRTOS-WB.2.0.0
2025-12-01 14:29:28,742 [WARN] ConditionMgr:1044 - genDependencies : Invalid condition id : UX DEVICE CLASS RTOS Condition cause : null
2025-12-01 14:29:28,742 [WARN] ConditionMgr:1044 - genDependencies : Invalid condition id : UX DEVICE CLASS RTOS Condition cause : null
2025-12-01 14:29:28,743 [WARN] ConditionMgr:1044 - genDependencies : Invalid condition id : UX DEVICE CLASS RTOS Condition cause : null
2025-12-01 14:29:28,743 [WARN] ConditionMgr:1044 - genDependencies : Invalid condition id : UX DEVICE CLASS RTOS Condition cause : null
2025-12-01 14:29:28,743 [WARN] ConditionMgr:1044 - genDependencies : Invalid condition id : UX DEVICE CLASS RTOS Condition cause : null
2025-12-01 14:29:28,749 [WARN] PackLoader:240 - Cannot read IP mode file for STMicroelectronics.X-CUBE-GNSS1.7.0.0
2025-12-01 14:29:28,755 [WARN] PackLoader:240 - Cannot read IP mode file for STMicroelectronics.X-CUBE-GNSS1.7.0.1
2025-12-01 14:29:28,762 [WARN] PackLoader:240 - Cannot read IP mode file for STMicroelectronics.X-CUBE-TOUCHGFX.4.25.0
2025-12-01 14:29:28,769 [WARN] PackLoader:240 - Cannot read IP mode file for STMicroelectronics.FP-SNS-STBOX1.2.0.0
2025-12-01 14:29:28,786 [WARN] PackLoader:240 - Cannot read IP mode file for STMicroelectronics.X-CUBE-SUBG2.5.0.0
2025-12-01 14:29:28,809 [WARN] PackLoader:240 - Cannot read IP mode file for STMicroelectronics.X-CUBE-AZRTOS-H7RS.1.1.0
2025-12-01 14:29:28,817 [WARN] PackLoader:240 - Cannot read IP mode file for Cesanta.I-CUBE-Mongoose.7.13.0
2025-12-01 14:29:28,832 [WARN] PackLoader:240 - Cannot read IP mode file for STMicroelectronics.X-CUBE-AZRTOS-G4.2.0.0
2025-12-01 14:29:28,837 [WARN] PackLoader:240 - Cannot read IP mode file for STMicroelectronics.X-CUBE-NFC7.2.0.0
2025-12-01 14:29:28,858 [WARN] PackLoader:240 - Cannot read IP mode file for STMicroelectronics.X-CUBE-IPS.3.1.0
2025-12-01 14:29:28,868 [WARN] PackLoader:240 - Cannot read IP mode file for STMicroelectronics.X-CUBE-ALS.1.0.2
2025-12-01 14:29:28,873 [WARN] PackLoader:240 - Cannot read IP mode file for STMicroelectronics.X-CUBE-TOUCHGFX.4.24.2
2025-12-01 14:29:28,879 [WARN] PackLoader:240 - Cannot read IP mode file for STMicroelectronics.X-CUBE-TOUCHGFX.4.24.1
2025-12-01 14:29:28,895 [WARN] PackLoader:240 - Cannot read IP mode file for STMicroelectronics.X-CUBE-STSE01.1.0.0
2025-12-01 14:29:28,904 [WARN] PackLoader:240 - Cannot read IP mode file for wolfSSL.I-CUBE-wolfTPM.3.4.0
2025-12-01 14:29:28,913 [WARN] PackLoader:240 - Cannot read IP mode file for portGmbH.I-Cube-SoM-uGOAL.1.1.0
2025-12-01 14:29:28,941 [WARN] PackLoader:240 - Cannot read IP mode file for STMicroelectronics.X-CUBE-AZRTOS-H7RS.1.0.0
2025-12-01 14:29:28,951 [WARN] PackLoader:240 - Cannot read IP mode file for STMicroelectronics.FP-ATR-ASTRA1.2.0.0
2025-12-01 14:29:28,991 [WARN] PackLoader:240 - Cannot read IP mode file for STMicroelectronics.X-CUBE-TOF1.3.4.2
2025-12-01 14:29:29,601 [WARN] PackLoader:240 - Cannot read IP mode file for STMicroelectronics.X-CUBE-TOF1.3.4.3
2025-12-01 14:29:29,758 [WARN] PackLoader:240 - Cannot read IP mode file for Infineon.AIROC-Wi-Fi-Bluetooth-STM32.1.6.1
2025-12-01 14:29:29,771 [WARN] PackLoader:240 - Cannot read IP mode file for wolfSSL.I-CUBE-wolfSSH.1.4.17
2025-12-01 14:29:29,774 [INFO] ThirdParty:978 - Integrity check success = true
2025-12-01 14:29:29,774 [INFO] IntegrityCheckThread:100 - exiting critical section [integrity check]
2025-12-01 14:29:29,775 [INFO] IntegrityCheckThread:103 - End integrity checks thread
2025-12-01 14:30:16,311 [INFO] WebApp:194 - Connection lost
2025-12-01 14:30:16,448 [INFO] WebApp:191 - Connection restablished
2025-12-01 14:32:43,386 [ERROR] LogOutputStream:75 - [STDERR_REDIRECT] 
